2018-08-16 08:40:06,133 - PLACEHOLDER - INFO - Program Started
2018-08-16 08:40:06,948 - PLACEHOLDER - INFO - Program Ended
2018-08-16 08:41:41,923 - PLACEHOLDER - INFO - Program Started
2018-08-16 08:41:42,685 - PLACEHOLDER - INFO - Program Ended
2018-08-16 08:45:58,408 - PLACEHOLDER - INFO - Program Started
2018-08-16 08:51:43,212 - PLACEHOLDER - INFO - Program Started
2018-08-16 08:55:47,140 - PLACEHOLDER - INFO - Program Started
2018-08-16 08:58:28,606 - PLACEHOLDER - INFO - Program Started
2018-08-16 08:58:54,772 - PLACEHOLDER - INFO - Program Started
2018-08-16 08:59:49,615 - PLACEHOLDER - INFO - Program Started
2018-08-16 08:59:50,212 - PLACEHOLDER - INFO - Program Ended
2018-08-16 09:00:02,717 - PLACEHOLDER - INFO - Program Started
2018-08-16 09:00:03,303 - PLACEHOLDER - INFO - Program Ended
2018-08-16 09:00:13,741 - PLACEHOLDER - INFO - Program Started
2018-08-16 09:00:14,327 - PLACEHOLDER - INFO - Program Ended
2018-08-16 09:00:19,914 - PLACEHOLDER - INFO - Program Started
2018-08-16 09:00:20,619 - PLACEHOLDER - INFO - Program Ended
2018-08-16 09:06:28,283 - PLACEHOLDER - INFO - Program Started
2018-08-16 09:06:28,959 - PLACEHOLDER - INFO - Program Ended
2018-08-16 09:11:07,282 - PLACEHOLDER - INFO - Program Started
2018-08-16 09:11:07,984 - PLACEHOLDER - INFO - Program Ended
2018-08-16 09:13:51,352 - scraper_psapi - INFO - Program Started
2018-08-16 09:13:51,947 - scraper_psapi - INFO - Program Ended
2018-08-16 09:14:03,289 - scraper_psapi - INFO - Program Started
2018-08-16 09:14:03,981 - scraper_psapi - INFO - Program Ended
2018-08-16 09:14:09,672 - scraper_psapi - INFO - Program Started
2018-08-16 09:14:10,277 - scraper_psapi - INFO - Program Ended
2018-08-16 09:14:31,475 - scraper_psapi - INFO - Program Started
2018-08-16 09:14:32,096 - scraper_psapi - INFO - Program Ended
2018-08-16 09:14:35,507 - scraper_psapi - INFO - Program Started
2018-08-16 09:14:36,101 - scraper_psapi - INFO - Program Ended
2018-08-16 09:20:45,337 - scraper_psapi - INFO - Program Started
2018-08-16 09:22:23,012 - scraper_psapi - INFO - Program Started
2018-08-16 09:22:23,813 - scraper_psapi - INFO - Program Ended
2018-08-16 09:22:39,343 - scraper_psapi - INFO - Program Started
2018-08-16 09:29:32,556 - scraper_psapi - INFO - Program Started
2018-08-16 09:29:33,169 - scraper_psapi - INFO - Program Ended
2018-08-16 09:36:15,177 - scraper_psapi - INFO - shit
2018-08-16 09:37:34,046 - scraper_psapi - WARNING - shit
2018-08-16 09:42:00,118 - scraper_psapi - INFO - OT
2018-08-16 09:42:04,792 - scraper_psapi - INFO - OT
2018-08-16 09:43:27,149 - scraper_psapi - INFO - Program Started
2018-08-16 09:43:27,777 - scraper_psapi - INFO - Program Finished
2018-08-16 09:43:27,777 - scraper_psapi - INFO - Program Finished
2018-08-16 09:43:38,253 - scraper_psapi - INFO - Program Started
2018-08-16 09:43:38,895 - scraper_psapi - INFO - Program Finished
2018-08-16 09:43:38,895 - scraper_psapi - INFO - Program Finished
2018-08-16 09:44:21,489 - scraper_psapi - INFO - Program Started
2018-08-16 09:44:36,177 - scraper_psapi - INFO - Program Started
2018-08-16 09:44:36,876 - scraper_psapi - INFO - Program Finished
2018-08-16 09:44:36,876 - scraper_psapi - INFO - Program Finished
2018-08-16 09:44:50,375 - scraper_psapi - INFO - Program Started
2018-08-16 09:44:50,978 - scraper_psapi - INFO - Program Finished
2018-08-16 09:44:50,978 - scraper_psapi - INFO - Program Finished
2018-08-16 09:45:37,586 - scraper_psapi - INFO - Program Started
2018-08-16 09:45:38,232 - scraper_psapi - INFO - Program Finished
2018-08-16 09:45:38,232 - scraper_psapi - INFO - Program Finished
2018-08-16 09:47:13,313 - scraper_psapi - WARNING - Program Started
2018-08-16 09:47:13,919 - scraper_psapi - INFO - Program Finished
2018-08-16 09:47:13,919 - scraper_psapi - INFO - Program Finished
2018-08-16 09:51:11,533 - scraper_psapi - INFO - Program Started
2018-08-16 09:51:12,216 - scraper_psapi - INFO - API Response
2018-08-16 09:51:12,216 - scraper_psapi - INFO - API Response
2018-08-16 09:51:12,218 - scraper_psapi - INFO - Program Finished
2018-08-16 09:51:12,218 - scraper_psapi - INFO - Program Finished
2018-08-16 09:51:12,218 - scraper_psapi - INFO - Program Finished
2018-08-16 09:52:01,544 - scraper_psapi - INFO - Program Started
2018-08-16 09:52:02,328 - scraper_psapi - INFO - API Response
2018-08-16 09:52:02,328 - scraper_psapi - INFO - API Response
2018-08-16 09:52:02,330 - scraper_psapi - INFO - Program Finished
2018-08-16 09:52:02,330 - scraper_psapi - INFO - Program Finished
2018-08-16 09:52:02,330 - scraper_psapi - INFO - Program Finished
2018-08-16 09:52:21,150 - scraper_psapi - INFO - Program Started
2018-08-16 09:52:21,860 - scraper_psapi - INFO - API Response
2018-08-16 09:52:21,860 - scraper_psapi - INFO - API Response
2018-08-16 09:52:21,862 - scraper_psapi - INFO - Program Finished
2018-08-16 09:52:21,862 - scraper_psapi - INFO - Program Finished
2018-08-16 09:52:21,862 - scraper_psapi - INFO - Program Finished
